
--- 2025-10-22 01:40:09.947421 ---
Change detected at https://www.r-wellness.com/nara/
Unified diff (context lines = 5):
--- old_www.r-wellness.com_nara_
+++ new_www.r-wellness.com_nara_
@@ -0,0 +1,15 @@
+第1回奈良ウルトラマラソン   第1回奈良ウルトラマラソン 2026年5月31日(日)開催

+奈良中南部の文化遺産を駆ける

+2026.05.31

+sun

+開催決定

+募集開始

+2025.10.31

+fri

+20:00

+大会詳細は

+10月下旬公開予定

+奈良ウルトラマラソン大会事務局

+TEL 0120-846-024

+平日 午前10時〜午後5時30分

+大会に関するお問い合わせ

--- 2025-10-24 12:50:32.943126 ---
Change detected at www.r-wellness.com_nara_
Unified diff (context lines = 5):
--- old_www.r-wellness.com_nara_
+++ new_www.r-wellness.com_nara_
@@ -1,15 +1,57 @@
-第1回奈良ウルトラマラソン   第1回奈良ウルトラマラソン 2026年5月31日(日)開催

-奈良中南部の文化遺産を駆ける

-2026.05.31

-sun

-開催決定

-募集開始

-2025.10.31

-fri

-20:00

-大会詳細は

-10月下旬公開予定

-奈良ウルトラマラソン大会事務局

+第1回奈良ウルトラマラソン | 奈良中南部の文化遺産を駆ける  2026.05.31sun 開催

+ENTRY

+CONTACT

+お知らせ一覧

+大会情報

+大会要項

+コース情報

+給水情報

+大会の特徴

+アクセス・宿泊

+スポンサー

+ランナー

+エントリー

+U25応援プラン

+伴走者

+ボランティア

+お問い合わせ

+よくある質問

+お問い合わせ

+INFORMATION

+お知らせ

+10.24

+Fri

+詳細情報公開のお知らせ

+お知らせ一覧へ

+おすすめシューズ紹介

+ウルトラマラソン完走アイテム紹介

+関連大会

+チャレンジ富士五湖

+ウルトラマラソン

+星の郷八ヶ岳野辺山高原

+100kmウルトラマラソン

+飛騨高山

+ウルトラマラソン

+山陰海岸ユネスコ世界ジオパーク

+丹後100kmウルトラマラソン

+奈良ウルトラマラソン

+大会事務局

 TEL 0120-846-024

-平日 午前10時〜午後5時30分

-大会に関するお問い合わせ
+(午前10時～午後5時30分　土日祝休業）

+お問い合わせ

+エントリーはこちら

+大会情報

+大会要項

+コース情報

+給水情報

+大会の特徴

+アクセス・宿泊

+スポンサー

+ランナー

+エントリー

+U25応援プラン

+伴走

+お知らせ一覧

+ボランティア

+よくある質問

+© 2026 Runner’s Wellness  Co., Ltd. All Rights Reserved.

--- 2025-10-28 01:38:32.883592 ---
Change detected at www.r-wellness.com_nara_
Unified diff (context lines = 5):
--- old_www.r-wellness.com_nara_
+++ new_www.r-wellness.com_nara_
@@ -17,10 +17,13 @@
 お問い合わせ

 よくある質問

 お問い合わせ

 INFORMATION

 お知らせ

+10.28

+Tue

+ホテル宿泊プラン（JTB）詳細ページ公開のお知らせ

 10.24

 Fri

 詳細情報公開のお知らせ

 お知らせ一覧へ

 おすすめシューズ紹介


--- 2025-10-31 12:43:16.434538 ---
Change detected at www.r-wellness.com_nara_
Unified diff (context lines = 5):
--- old_www.r-wellness.com_nara_
+++ new_www.r-wellness.com_nara_
@@ -17,10 +17,16 @@
 お問い合わせ

 よくある質問

 お問い合わせ

 INFORMATION

 お知らせ

+10.31

+Fri

+エントリー状況のお知らせ（21:40時点）

+10.31

+Fri

+エントリー開始のお知らせ

 10.28

 Tue

 ホテル宿泊プラン（JTB）詳細ページ公開のお知らせ

 10.24

 Fri


--- 2025-10-31 14:21:19.678335 ---
Change detected at www.r-wellness.com_nara_
Unified diff (context lines = 5):
--- old_www.r-wellness.com_nara_
+++ new_www.r-wellness.com_nara_
@@ -17,10 +17,13 @@
 お問い合わせ

 よくある質問

 お問い合わせ

 INFORMATION

 お知らせ

+10.31

+Fri

+エントリー状況のお知らせ（22:55時点）

 10.31

 Fri

 エントリー状況のお知らせ（21:40時点）

 10.31

 Fri


--- 2025-10-31 15:20:46.305473 ---
Change detected at www.r-wellness.com_nara_
Unified diff (context lines = 5):
--- old_www.r-wellness.com_nara_
+++ new_www.r-wellness.com_nara_
@@ -17,10 +17,13 @@
 お問い合わせ

 よくある質問

 お問い合わせ

 INFORMATION

 お知らせ

+11.01

+Sat

+エントリー状況のお知らせ（0:00時点）

 10.31

 Fri

 エントリー状況のお知らせ（22:55時点）

 10.31

 Fri

@@ -29,13 +32,10 @@
 Fri

 エントリー開始のお知らせ

 10.28

 Tue

 ホテル宿泊プラン（JTB）詳細ページ公開のお知らせ

-10.24

-Fri

-詳細情報公開のお知らせ

 お知らせ一覧へ

 おすすめシューズ紹介

 ウルトラマラソン完走アイテム紹介

 関連大会

 チャレンジ富士五湖


--- 2025-10-31 17:19:19.363690 ---
Change detected at www.r-wellness.com_nara_
Unified diff (context lines = 5):
--- old_www.r-wellness.com_nara_
+++ new_www.r-wellness.com_nara_
@@ -19,23 +19,23 @@
 お問い合わせ

 INFORMATION

 お知らせ

 11.01

 Sat

+エントリー状況のお知らせ（2:00時点）

+11.01

+Sat

 エントリー状況のお知らせ（0:00時点）

 10.31

 Fri

 エントリー状況のお知らせ（22:55時点）

 10.31

 Fri

 エントリー状況のお知らせ（21:40時点）

 10.31

 Fri

 エントリー開始のお知らせ

-10.28

-Tue

-ホテル宿泊プラン（JTB）詳細ページ公開のお知らせ

 お知らせ一覧へ

 おすすめシューズ紹介

 ウルトラマラソン完走アイテム紹介

 関連大会

 チャレンジ富士五湖


--- 2025-10-31 20:23:14.763802 ---
Change detected at www.r-wellness.com_nara_
Unified diff (context lines = 5):
--- old_www.r-wellness.com_nara_
+++ new_www.r-wellness.com_nara_
@@ -19,23 +19,23 @@
 お問い合わせ

 INFORMATION

 お知らせ

 11.01

 Sat

+エントリー状況のお知らせ（4:30時点）

+11.01

+Sat

 エントリー状況のお知らせ（2:00時点）

 11.01

 Sat

 エントリー状況のお知らせ（0:00時点）

 10.31

 Fri

 エントリー状況のお知らせ（22:55時点）

 10.31

 Fri

 エントリー状況のお知らせ（21:40時点）

-10.31

-Fri

-エントリー開始のお知らせ

 お知らせ一覧へ

 おすすめシューズ紹介

 ウルトラマラソン完走アイテム紹介

 関連大会

 チャレンジ富士五湖


--- 2025-10-31 23:18:27.224263 ---
Change detected at www.r-wellness.com_nara_
Unified diff (context lines = 5):
--- old_www.r-wellness.com_nara_
+++ new_www.r-wellness.com_nara_
@@ -19,23 +19,23 @@
 お問い合わせ

 INFORMATION

 お知らせ

 11.01

 Sat

+エントリー状況のお知らせ（8:00時点）

+11.01

+Sat

 エントリー状況のお知らせ（4:30時点）

 11.01

 Sat

 エントリー状況のお知らせ（2:00時点）

 11.01

 Sat

 エントリー状況のお知らせ（0:00時点）

 10.31

 Fri

 エントリー状況のお知らせ（22:55時点）

-10.31

-Fri

-エントリー状況のお知らせ（21:40時点）

 お知らせ一覧へ

 おすすめシューズ紹介

 ウルトラマラソン完走アイテム紹介

 関連大会

 チャレンジ富士五湖


--- 2025-11-01 03:12:42.502555 ---
Change detected at www.r-wellness.com_nara_
Unified diff (context lines = 5):
--- old_www.r-wellness.com_nara_
+++ new_www.r-wellness.com_nara_
@@ -19,23 +19,23 @@
 お問い合わせ

 INFORMATION

 お知らせ

 11.01

 Sat

+国内エントリー枠完売のお知らせとお詫び

+11.01

+Sat

 エントリー状況のお知らせ（8:00時点）

 11.01

 Sat

 エントリー状況のお知らせ（4:30時点）

 11.01

 Sat

 エントリー状況のお知らせ（2:00時点）

 11.01

 Sat

 エントリー状況のお知らせ（0:00時点）

-10.31

-Fri

-エントリー状況のお知らせ（22:55時点）

 お知らせ一覧へ

 おすすめシューズ紹介

 ウルトラマラソン完走アイテム紹介

 関連大会

 チャレンジ富士五湖


--- 2025-11-05 10:24:16.540745 ---
Change detected at www.r-wellness.com_nara_
Unified diff (context lines = 5):
--- old_www.r-wellness.com_nara_
+++ new_www.r-wellness.com_nara_
@@ -17,10 +17,13 @@
 お問い合わせ

 よくある質問

 お問い合わせ

 INFORMATION

 お知らせ

+11.05

+Wed

+参加賞についてのお知らせ

 11.01

 Sat

 国内エントリー枠完売のお知らせとお詫び

 11.01

 Sat

@@ -29,13 +32,10 @@
 Sat

 エントリー状況のお知らせ（4:30時点）

 11.01

 Sat

 エントリー状況のお知らせ（2:00時点）

-11.01

-Sat

-エントリー状況のお知らせ（0:00時点）

 お知らせ一覧へ

 おすすめシューズ紹介

 ウルトラマラソン完走アイテム紹介

 関連大会

 チャレンジ富士五湖


--- 2025-11-13 09:24:25.291126 ---
Change detected at www.r-wellness.com_nara_
Unified diff (context lines = 5):
--- old_www.r-wellness.com_nara_
+++ new_www.r-wellness.com_nara_
@@ -17,10 +17,13 @@
 お問い合わせ

 よくある質問

 お問い合わせ

 INFORMATION

 お知らせ

+11.13

+Thu

+アクセスバス（JTB）発売のお知らせ

 11.05

 Wed

 参加賞についてのお知らせ

 11.01

 Sat

@@ -29,13 +32,10 @@
 Sat

 エントリー状況のお知らせ（8:00時点）

 11.01

 Sat

 エントリー状況のお知らせ（4:30時点）

-11.01

-Sat

-エントリー状況のお知らせ（2:00時点）

 お知らせ一覧へ

 おすすめシューズ紹介

 ウルトラマラソン完走アイテム紹介

 関連大会

 チャレンジ富士五湖


--- 2025-12-17 04:34:33.445331 ---
Change detected at www.r-wellness.com_nara_
Unified diff (context lines = 5):
--- old_www.r-wellness.com_nara_
+++ new_www.r-wellness.com_nara_
@@ -17,10 +17,13 @@
 お問い合わせ

 よくある質問

 お問い合わせ

 INFORMATION

 お知らせ

+12.17

+Wed

+年末年始休業のお知らせ

 11.13

 Thu

 アクセスバス（JTB）発売のお知らせ

 11.05

 Wed

@@ -29,13 +32,10 @@
 Sat

 国内エントリー枠完売のお知らせとお詫び

 11.01

 Sat

 エントリー状況のお知らせ（8:00時点）

-11.01

-Sat

-エントリー状況のお知らせ（4:30時点）

 お知らせ一覧へ

 おすすめシューズ紹介

 ウルトラマラソン完走アイテム紹介

 関連大会

 チャレンジ富士五湖


--- 2026-01-30 09:40:16.219970 ---
Change detected at www.r-wellness.com_nara_
Unified diff (context lines = 5):
--- old_www.r-wellness.com_nara_
+++ new_www.r-wellness.com_nara_
@@ -17,10 +17,13 @@
 お問い合わせ

 よくある質問

 お問い合わせ

 INFORMATION

 お知らせ

+01.30

+Fri

+ボランティア募集開始

 12.17

 Wed

 年末年始休業のお知らせ

 11.13

 Thu

@@ -29,13 +32,10 @@
 Wed

 参加賞についてのお知らせ

 11.01

 Sat

 国内エントリー枠完売のお知らせとお詫び

-11.01

-Sat

-エントリー状況のお知らせ（8:00時点）

 お知らせ一覧へ

 おすすめシューズ紹介

 ウルトラマラソン完走アイテム紹介

 関連大会

 チャレンジ富士五湖


--- 2026-03-27 05:08:23.785271 ---
Change detected at www.r-wellness.com_nara_
Unified diff (context lines = 5):
--- old_www.r-wellness.com_nara_
+++ new_www.r-wellness.com_nara_
@@ -17,10 +17,13 @@
 お問い合わせ

 よくある質問

 お問い合わせ

 INFORMATION

 お知らせ

+03.27

+Fri

+直行ツアーバスのご案内

 01.30

 Fri

 ボランティア募集開始

 12.17

 Wed

@@ -29,13 +32,10 @@
 Thu

 アクセスバス（JTB）発売のお知らせ

 11.05

 Wed

 参加賞についてのお知らせ

-11.01

-Sat

-国内エントリー枠完売のお知らせとお詫び

 お知らせ一覧へ

 おすすめシューズ紹介

 ウルトラマラソン完走アイテム紹介

 関連大会

 チャレンジ富士五湖


--- 2026-04-16 05:32:21.343087 ---
Change detected at www.r-wellness.com_nara_
Unified diff (context lines = 5):
--- old_www.r-wellness.com_nara_
+++ new_www.r-wellness.com_nara_
@@ -17,10 +17,13 @@
 お問い合わせ

 よくある質問

 お問い合わせ

 INFORMATION

 お知らせ

+04.16

+Thu

+参加予定の皆さまへ 大切なお願い

 03.27

 Fri

 直行ツアーバスのご案内

 01.30

 Fri

@@ -29,13 +32,10 @@
 Wed

 年末年始休業のお知らせ

 11.13

 Thu

 アクセスバス（JTB）発売のお知らせ

-11.05

-Wed

-参加賞についてのお知らせ

 お知らせ一覧へ

 おすすめシューズ紹介

 ウルトラマラソン完走アイテム紹介

 関連大会

 チャレンジ富士五湖


--- 2026-04-16 09:21:42.508000 ---
Change detected at www.r-wellness.com_nara_
Unified diff (context lines = 5):
--- old_www.r-wellness.com_nara_
+++ new_www.r-wellness.com_nara_
@@ -64,6 +64,6 @@
 U25応援プラン

 伴走

 お知らせ一覧

 ボランティア

 よくある質問

-© 2026 Runner’s Wellness  Co., Ltd. All Rights Reserved.
+© 2026 Runner’s Wellness Co., Ltd. All Rights Reserved.

--- 2026-04-27 11:44:51.551776 ---
Change detected at www.r-wellness.com_nara_
Unified diff (context lines = 5):
--- old_www.r-wellness.com_nara_
+++ new_www.r-wellness.com_nara_
@@ -17,10 +17,13 @@
 お問い合わせ

 よくある質問

 お問い合わせ

 INFORMATION

 お知らせ

+04.27

+Mon

+ゴールデンウィーク期間 会社休業日のお知らせ

 04.16

 Thu

 参加予定の皆さまへ 大切なお願い

 03.27

 Fri

@@ -29,13 +32,10 @@
 Fri

 ボランティア募集開始

 12.17

 Wed

 年末年始休業のお知らせ

-11.13

-Thu

-アクセスバス（JTB）発売のお知らせ

 お知らせ一覧へ

 おすすめシューズ紹介

 ウルトラマラソン完走アイテム紹介

 関連大会

 チャレンジ富士五湖


--- 2026-05-04 09:21:07.760933 ---
Change detected at www.r-wellness.com_nara_
Unified diff (context lines = 5):
--- old_www.r-wellness.com_nara_
+++ new_www.r-wellness.com_nara_
@@ -47,23 +47,8 @@
 山陰海岸ユネスコ世界ジオパーク

 丹後100kmウルトラマラソン

 奈良ウルトラマラソン

 大会事務局

 TEL 0120-846-024

-(午前10時～午後5時30分　土日祝休業）

+午前10時～午後5時30分　土日祝休業

 お問い合わせ

-エントリーはこちら

-大会情報

-大会要項

-コース情報

-給水情報

-大会の特徴

-アクセス・宿泊

-スポンサー

-ランナー

-エントリー

-U25応援プラン

-伴走

-お知らせ一覧

-ボランティア

-よくある質問

 © 2026 Runner’s Wellness Co., Ltd. All Rights Reserved.

--- 2026-05-08 13:52:56.803581 ---
Change detected at www.r-wellness.com_nara_
Unified diff (context lines = 5):
--- old_www.r-wellness.com_nara_
+++ new_www.r-wellness.com_nara_
@@ -1,41 +1,43 @@
 第1回奈良ウルトラマラソン | 奈良中南部の文化遺産を駆ける  2026.05.31sun 開催

-ENTRY

+参加案内

 CONTACT

 お知らせ一覧

+参加案内

 大会情報

 大会要項

 コース情報

 給水情報

 大会の特徴

-アクセス・宿泊

+アクセス

 スポンサー

 ランナー

 エントリー

 U25応援プラン

 伴走者

 ボランティア

 お問い合わせ

 よくある質問

 お問い合わせ

+参加案内はこちら

 INFORMATION

 お知らせ

+05.08

+Fri

+伴走者登録のご案内

+05.08

+Fri

+「コース攻略クリニック」YouTube LIVE配信のお知らせ

+05.08

+Fri

+参加案内公開のお知らせ

 04.27

 Mon

 ゴールデンウィーク期間 会社休業日のお知らせ

 04.16

 Thu

 参加予定の皆さまへ 大切なお願い

-03.27

-Fri

-直行ツアーバスのご案内

-01.30

-Fri

-ボランティア募集開始

-12.17

-Wed

-年末年始休業のお知らせ

 お知らせ一覧へ

 おすすめシューズ紹介

 ウルトラマラソン完走アイテム紹介

 関連大会

 チャレンジ富士五湖


--- 2026-05-22 05:01:47.424026 ---
Change detected at www.r-wellness.com_nara_
Unified diff (context lines = 5):
--- old_www.r-wellness.com_nara_
+++ new_www.r-wellness.com_nara_
@@ -3,10 +3,11 @@
 CONTACT

 お知らせ一覧

 参加案内

 大会情報

 大会要項

+歓迎のことば

 コース情報

 給水情報

 大会の特徴

 アクセス

 スポンサー

@@ -19,10 +20,13 @@
 よくある質問

 お問い合わせ

 参加案内はこちら

 INFORMATION

 お知らせ

+05.22

+Fri

+歓迎のことば 公開のお知らせ

 05.08

 Fri

 伴走者登録のご案内

 05.08

 Fri

@@ -31,13 +35,10 @@
 Fri

 参加案内公開のお知らせ

 04.27

 Mon

 ゴールデンウィーク期間 会社休業日のお知らせ

-04.16

-Thu

-参加予定の皆さまへ 大切なお願い

 お知らせ一覧へ

 おすすめシューズ紹介

 ウルトラマラソン完走アイテム紹介

 関連大会

 チャレンジ富士五湖


--- 2026-05-22 09:28:33.585944 ---
Change detected at www.r-wellness.com_nara_
Unified diff (context lines = 5):
--- old_www.r-wellness.com_nara_
+++ new_www.r-wellness.com_nara_
@@ -22,23 +22,23 @@
 参加案内はこちら

 INFORMATION

 お知らせ

 05.22

 Fri

+お買物券配布のご案内

+05.22

+Fri

 歓迎のことば 公開のお知らせ

 05.08

 Fri

 伴走者登録のご案内

 05.08

 Fri

 「コース攻略クリニック」YouTube LIVE配信のお知らせ

 05.08

 Fri

 参加案内公開のお知らせ

-04.27

-Mon

-ゴールデンウィーク期間 会社休業日のお知らせ

 お知らせ一覧へ

 おすすめシューズ紹介

 ウルトラマラソン完走アイテム紹介

 関連大会

 チャレンジ富士五湖


--- 2026-05-27 09:53:52.085545 ---
Change detected at www.r-wellness.com_nara_
Unified diff (context lines = 5):
--- old_www.r-wellness.com_nara_
+++ new_www.r-wellness.com_nara_
@@ -20,10 +20,13 @@
 よくある質問

 お問い合わせ

 参加案内はこちら

 INFORMATION

 お知らせ

+05.27

+Wed

+【暑さ対策】レース当日の注意事項と準備について

 05.22

 Fri

 お買物券配布のご案内

 05.22

 Fri

@@ -32,13 +35,10 @@
 Fri

 伴走者登録のご案内

 05.08

 Fri

 「コース攻略クリニック」YouTube LIVE配信のお知らせ

-05.08

-Fri

-参加案内公開のお知らせ

 お知らせ一覧へ

 おすすめシューズ紹介

 ウルトラマラソン完走アイテム紹介

 関連大会

 チャレンジ富士五湖


--- 2026-05-28 08:00:28.999545 ---
Change detected at www.r-wellness.com_nara_
Unified diff (context lines = 5):
--- old_www.r-wellness.com_nara_
+++ new_www.r-wellness.com_nara_
@@ -13,10 +13,11 @@
 スポンサー

 ランナー

 エントリー

 U25応援プラン

 伴走者

+ランナー向けお買い得サービス

 ボランティア

 お問い合わせ

 よくある質問

 お問い合わせ

 参加案内はこちら

