
--- 2025-10-22 01:40:05.619939 ---
Change detected at https://www.r-wellness.com/takayama/
Unified diff (context lines = 5):
--- old_www.r-wellness.com_takayama_
+++ new_www.r-wellness.com_takayama_
@@ -0,0 +1,67 @@
+第13回 飛騨高山ウルトラマラソン   飛騨高山ウルトラマラソン、2025年6月8日開催

+RESULT

+CONTACT

+×

+TOP

+RESULT

+参加案内

+お知らせ一覧

+大会情報

+大会の特徴

+大会要項

+コース情報

+アクセス

+宿泊

+交通規制

+スポンサー

+ランナー

+エントリー

+U25応援プラン

+ふるさと納税エントリー

+ボランティア

+お問い合わせ

+よくある質問

+お問い合わせ

+前回大会

+INFORMATION

+お知らせ

+07.02

+Wed

+確報記録公開のお知らせ

+06.11

+Wed

+大会レポート「古い町並から山の絶景へ、飛騨高山100kmの旅 」

+06.08

+Sun

+大会の御礼

+06.08

+Sun

+速報記録公開のお知らせ

+06.07

+Sat

+ランナーズアップデート（記録確認）について

+お知らせ一覧へ

+おすすめシューズ紹介

+ウルトラマラソン完走アイテム紹介

+Garmin特設ページ

+飛騨高山ウルトラマラソン

+大会事務局

+TEL 0120-846-024

+（受付時間：10時～17時30分　土日祝休業）

+お問い合わせ

+エントリーはこちら

+大会情報

+大会要項

+コース情報

+アクセス

+大会の特徴

+スポンサー

+ランナー

+エントリー

+U25応援プラン

+お知らせ一覧

+ボランティア

+よくある質問

+前回大会

+© 2025 Runner’s Wellness  Co., Ltd. All Rights Reserved.

+このサイトの運営・管理は株式会社ランナーズ・ウェルネスがおこなっています。当サイト内の画像・テキストなどの無断転載、使用を禁じます

--- 2025-12-16 09:28:34.777212 ---
Change detected at www.r-wellness.com_takayama_
Unified diff (context lines = 5):
--- old_www.r-wellness.com_takayama_
+++ new_www.r-wellness.com_takayama_
@@ -1,67 +1,6 @@
-第13回 飛騨高山ウルトラマラソン   飛騨高山ウルトラマラソン、2025年6月8日開催

-RESULT

-CONTACT

-×

-TOP

-RESULT

-参加案内

-お知らせ一覧

-大会情報

-大会の特徴

-大会要項

-コース情報

-アクセス

-宿泊

-交通規制

-スポンサー

-ランナー

-エントリー

-U25応援プラン

-ふるさと納税エントリー

-ボランティア

-お問い合わせ

-よくある質問

-お問い合わせ

-前回大会

-INFORMATION

-お知らせ

-07.02

-Wed

-確報記録公開のお知らせ

-06.11

-Wed

-大会レポート「古い町並から山の絶景へ、飛騨高山100kmの旅 」

-06.08

-Sun

-大会の御礼

-06.08

-Sun

-速報記録公開のお知らせ

-06.07

-Sat

-ランナーズアップデート（記録確認）について

-お知らせ一覧へ

-おすすめシューズ紹介

-ウルトラマラソン完走アイテム紹介

-Garmin特設ページ

+第14回 飛騨高山ウルトラマラソン | 2026年6月14日（日）開催

 飛騨高山ウルトラマラソン

 大会事務局

 TEL 0120-846-024

-（受付時間：10時～17時30分　土日祝休業）

-お問い合わせ

-エントリーはこちら

-大会情報

-大会要項

-コース情報

-アクセス

-大会の特徴

-スポンサー

-ランナー

-エントリー

-U25応援プラン

-お知らせ一覧

-ボランティア

-よくある質問

-前回大会

-© 2025 Runner’s Wellness  Co., Ltd. All Rights Reserved.

-このサイトの運営・管理は株式会社ランナーズ・ウェルネスがおこなっています。当サイト内の画像・テキストなどの無断転載、使用を禁じます
+(午前10時～午後5時30分　土日祝休業）

+お問い合わせ

--- 2025-12-23 11:20:28.583910 ---
Change detected at www.r-wellness.com_takayama_
Unified diff (context lines = 5):
--- old_www.r-wellness.com_takayama_
+++ new_www.r-wellness.com_takayama_
@@ -1,6 +1,3 @@
-第14回 飛騨高山ウルトラマラソン | 2026年6月14日（日）開催

-飛騨高山ウルトラマラソン

-大会事務局

-TEL 0120-846-024

-(午前10時～午後5時30分　土日祝休業）

-お問い合わせ
+第14回 飛騨高山ウルトラマラソン

+第14回 飛騨高山ウルトラマラソン

+パスワード

--- 2025-12-23 12:48:42.419684 ---
Change detected at www.r-wellness.com_takayama_
Unified diff (context lines = 5):
--- old_www.r-wellness.com_takayama_
+++ new_www.r-wellness.com_takayama_
@@ -1,3 +1,74 @@
-第14回 飛騨高山ウルトラマラソン

-第14回 飛騨高山ウルトラマラソン

-パスワード
+第14回 飛騨高山ウルトラマラソン | 2026年6月14日（日）開催

+ENTRY

+CONTACT

+お知らせ一覧

+大会情報

+大会要項

+コース情報

+給水情報

+大会の特徴

+アクセス

+宿泊

+スポンサー

+ランナー

+エントリー

+ふるさと納税

+U25応援プラン

+伴走者

+ボランティア

+お問い合わせ

+よくある質問

+お問い合わせ

+前回大会

+INFORMATION

+お知らせ

+12.23

+Tue

+「返金保証制度」に関して、重要なお知らせ

+12.23

+Tue

+ホームページ公開のお知らせ

+お知らせ一覧へ

+おすすめシューズ紹介

+ウルトラマラソン完走アイテム紹介

+関連大会

+チャレンジ富士五湖

+ウルトラマラソン

+星の郷八ヶ岳野辺山高原

+100kmウルトラマラソン

+奈良

+ウルトラマラソン

+山陰海岸ユネスコ世界ジオパーク

+丹後100kmウルトラマラソン

+「飛騨高山ウルトラマラソン」への

+ご支援のお願い

+皆様に愛されて第14回を迎える「飛騨高山ウルトラマラソン」。

+しかしながら、コロナ禍を経て社会環境が変化する中、ランナーの皆様を安全にお迎えするためのコース整備や、

+大会を支える地域環境の維持が年々難しくなっています。

+皆様からのふるさと納税を通じた応援が、舞台となる「飛騨高山」の地域発展や道路維持に活用され、巡り巡って大会を支える大きな力となります。

+この大会がこれからも持続可能なものとなるよう、今後とも、「飛騨高山ウルトラマラソン」をよろしくお願いいたします。

+高山市ふるさと納税はこちら

+飛騨高山ウルトラマラソン

+大会事務局

+TEL 0120-846-024

+(午前10時～午後5時30分　土日祝休業）

+お問い合わせ

+エントリーはこちら

+大会情報

+大会要項

+コース情報

+給水情報

+アクセス

+宿泊

+大会の特徴

+スポンサー

+ランナー

+エントリー

+ふるさと納税

+U25応援プラン

+伴走者

+お知らせ一覧

+ボランティア

+よくある質問

+前回大会

+© 2026 Runner’s Wellness  Co., Ltd. All Rights Reserved.

--- 2025-12-24 03:25:11.824003 ---
Change detected at www.r-wellness.com_takayama_
Unified diff (context lines = 5):
--- old_www.r-wellness.com_takayama_
+++ new_www.r-wellness.com_takayama_
@@ -38,12 +38,11 @@
 100kmウルトラマラソン

 奈良

 ウルトラマラソン

 山陰海岸ユネスコ世界ジオパーク

 丹後100kmウルトラマラソン

-「飛騨高山ウルトラマラソン」への

-ご支援のお願い

+「飛騨高山」へのご支援のお願い

 皆様に愛されて第14回を迎える「飛騨高山ウルトラマラソン」。

 しかしながら、コロナ禍を経て社会環境が変化する中、ランナーの皆様を安全にお迎えするためのコース整備や、

 大会を支える地域環境の維持が年々難しくなっています。

 皆様からのふるさと納税を通じた応援が、舞台となる「飛騨高山」の地域発展や道路維持に活用され、巡り巡って大会を支える大きな力となります。

 この大会がこれからも持続可能なものとなるよう、今後とも、「飛騨高山ウルトラマラソン」をよろしくお願いいたします。


--- 2025-12-26 01:49:23.202054 ---
Change detected at www.r-wellness.com_takayama_
Unified diff (context lines = 5):
--- old_www.r-wellness.com_takayama_
+++ new_www.r-wellness.com_takayama_
@@ -20,10 +20,13 @@
 よくある質問

 お問い合わせ

 前回大会

 INFORMATION

 お知らせ

+12.26

+Fri

+年末年始休業のお知らせ

 12.23

 Tue

 「返金保証制度」に関して、重要なお知らせ

 12.23

 Tue


--- 2025-12-26 03:26:08.906470 ---
Change detected at www.r-wellness.com_takayama_
Unified diff (context lines = 5):
--- old_www.r-wellness.com_takayama_
+++ new_www.r-wellness.com_takayama_
@@ -20,10 +20,13 @@
 よくある質問

 お問い合わせ

 前回大会

 INFORMATION

 お知らせ

+12.26

+Fri

+【参加賞先着終了のお知らせ】

 12.26

 Fri

 年末年始休業のお知らせ

 12.23

 Tue


--- 2026-01-30 09:40:13.597373 ---
Change detected at www.r-wellness.com_takayama_
Unified diff (context lines = 5):
--- old_www.r-wellness.com_takayama_
+++ new_www.r-wellness.com_takayama_
@@ -20,10 +20,13 @@
 よくある質問

 お問い合わせ

 前回大会

 INFORMATION

 お知らせ

+01.30

+Fri

+ボランティア募集開始

 12.26

 Fri

 【参加賞先着終了のお知らせ】

 12.26

 Fri

