
--- 2025-10-22 01:40:03.850391 ---
Change detected at https://www.r-wellness.com/nobeyama/
Unified diff (context lines = 5):
--- old_www.r-wellness.com_nobeyama_
+++ new_www.r-wellness.com_nobeyama_
@@ -0,0 +1,72 @@
+第31回 星の郷八ヶ岳野辺山高原100kmウルトラマラソン   野辺山ウルトラマラソン、2025年5月18日開催

+RESULT

+CONTACT

+×

+TOP

+参加案内

+お知らせ一覧

+大会情報

+大会の特徴

+大会要項

+コース情報

+アクセス

+宿泊

+大会ゲスト

+スポンサー

+ランナー

+エントリー

+U25応援プラン

+前日イベント

+ちびっこマラソン

+うるとらフェスティバル

+ボランティア

+お問い合わせ

+よくある質問

+お問い合わせ

+前回大会

+確報記録はこちら

+INFORMATION

+お知らせ

+06.17

+Tue

+確報記録公開のお知らせ

+05.30

+Fri

+【野辺山キラキラ☆ちびっこマラソン】有料枠の返金について

+05.18

+Sun

+大会の御礼

+05.18

+Sun

+速報記録公開のお知らせ

+05.18

+Sun

+ランナーズアップデート（記録確認）について

+お知らせ一覧へ

+おすすめシューズ紹介

+ウルトラマラソン完走アイテム紹介

+Garmin特設ページ

+PULSE ARCHIVE

+野辺山ウルトラマラソン

+大会事務局

+TEL 0120-846-024

+（受付時間：10時～17時30分　土日祝休業）

+お問い合わせ

+エントリーはこちら

+大会情報

+大会要項

+コース情報

+アクセス

+大会の特徴

+スポンサー

+ランナー

+エントリー

+U25応援プラン

+お知らせ一覧

+ちびっこマラソン

+うるとらフェスティバル

+ボランティア

+よくある質問

+前回大会

+© 2025 Runner’s Wellness  Co., Ltd. All Rights Reserved.

+このサイトの運営・管理は株式会社ランナーズ・ウェルネスがおこなっています。当サイト内の画像・テキストなどの無断転載、使用を禁じます
