

--- 2025-10-22 01:40:01.212635 ---
Change detected at https://www.r-wellness.com/fuji5/
Unified diff (context lines = 5):
--- old_www.r-wellness.com_fuji5_
+++ new_www.r-wellness.com_fuji5_
@@ -0,0 +1,62 @@
+第36回チャレンジ富士五湖ウルトラマラソン | 富士五湖ウルトラマラソン2026年4月19日開催

+ENTRY

+CONTACT

+お知らせ一覧

+大会情報

+大会要項

+コース情報

+給水情報

+大会の特徴

+アクセス・宿泊

+スポンサー

+ランナー

+エントリー

+U25応援プラン

+SPARTATHLON出場権利について

+伴走・グループトライアル

+ボランティア

+お問い合わせ

+よくある質問

+お問い合わせ

+前回大会

+INFORMATION

+お知らせ

+10.17

+Fri

+ホームページ公開のお知らせ

+お知らせ一覧へ

+おすすめシューズ紹介

+ウルトラマラソン完走アイテム紹介

+PULSE ARCHIVE

+関連大会

+星の郷八ヶ岳野辺山高原

+100kmウルトラマラソン

+奈良

+ウルトラマラソン

+飛騨高山

+ウルトラマラソン

+山陰海岸ユネスコ世界ジオパーク

+丹後100kmウルトラマラソン

+チャレンジ富士五湖

+ウルトラマラソン大会事務局

+TEL 0120-846-024

+(午前10時～午後5時30分　土日祝休業）

+お問い合わせ

+エントリーはこちら

+大会情報

+大会要項

+コース情報

+給水情報

+大会の特徴

+アクセス・宿泊

+スポンサー

+ランナー

+エントリー

+U25応援プラン

+SPARTATHLON

+伴走・グループトライアル

+お知らせ一覧

+ボランティア

+よくある質問

+前回大会

+© 2026 Runner’s Wellness  Co., Ltd. All Rights Reserved.

--- 2025-10-24 12:50:28.369831 ---
Change detected at www.r-wellness.com_fuji5_
Unified diff (context lines = 5):
--- old_www.r-wellness.com_fuji5_
+++ new_www.r-wellness.com_fuji5_
@@ -19,10 +19,16 @@
 よくある質問

 お問い合わせ

 前回大会

 INFORMATION

 お知らせ

+10.24

+Fri

+エントリー開始のお知らせ

+10.24

+Fri

+「返金保証制度」に関して、重要なお知らせ

 10.17

 Fri

 ホームページ公開のお知らせ

 お知らせ一覧へ

 おすすめシューズ紹介


--- 2025-10-27 05:22:00.481194 ---
Change detected at www.r-wellness.com_fuji5_
Unified diff (context lines = 5):
--- old_www.r-wellness.com_fuji5_
+++ new_www.r-wellness.com_fuji5_
@@ -19,10 +19,13 @@
 よくある質問

 お問い合わせ

 前回大会

 INFORMATION

 お知らせ

+10.27

+Mon

+参加賞先着終了のお知らせ

 10.24

 Fri

 エントリー開始のお知らせ

 10.24

 Fri


--- 2025-10-27 10:24:53.312170 ---
Change detected at www.r-wellness.com_fuji5_
Unified diff (context lines = 5):
--- old_www.r-wellness.com_fuji5_
+++ new_www.r-wellness.com_fuji5_
@@ -19,10 +19,13 @@
 よくある質問

 お問い合わせ

 前回大会

 INFORMATION

 お知らせ

+10.27

+Mon

+FUJI 3LAKES 62km エントリー締切のお知らせ

 10.27

 Mon

 参加賞先着終了のお知らせ

 10.24

 Fri


--- 2025-10-30 06:31:23.808848 ---
Change detected at www.r-wellness.com_fuji5_
Unified diff (context lines = 5):
--- old_www.r-wellness.com_fuji5_
+++ new_www.r-wellness.com_fuji5_
@@ -19,10 +19,13 @@
 よくある質問

 お問い合わせ

 前回大会

 INFORMATION

 お知らせ

+10.30

+Thu

+全種目エントリー締切のお知らせ

 10.27

 Mon

 FUJI 3LAKES 62km エントリー締切のお知らせ

 10.27

 Mon

@@ -31,13 +34,10 @@
 Fri

 エントリー開始のお知らせ

 10.24

 Fri

 「返金保証制度」に関して、重要なお知らせ

-10.17

-Fri

-ホームページ公開のお知らせ

 お知らせ一覧へ

 おすすめシューズ紹介

 ウルトラマラソン完走アイテム紹介

 PULSE ARCHIVE

 関連大会


--- 2025-12-17 04:34:28.066651 ---
Change detected at www.r-wellness.com_fuji5_
Unified diff (context lines = 5):
--- old_www.r-wellness.com_fuji5_
+++ new_www.r-wellness.com_fuji5_
@@ -19,10 +19,13 @@
 よくある質問

 お問い合わせ

 前回大会

 INFORMATION

 お知らせ

+12.17

+Wed

+年末年始休業のお知らせ

 10.30

 Thu

 全種目エントリー締切のお知らせ

 10.27

 Mon

@@ -31,13 +34,10 @@
 Mon

 参加賞先着終了のお知らせ

 10.24

 Fri

 エントリー開始のお知らせ

-10.24

-Fri

-「返金保証制度」に関して、重要なお知らせ

 お知らせ一覧へ

 おすすめシューズ紹介

 ウルトラマラソン完走アイテム紹介

 PULSE ARCHIVE

 関連大会


--- 2026-01-26 09:36:32.868983 ---
Change detected at www.r-wellness.com_fuji5_
Unified diff (context lines = 5):
--- old_www.r-wellness.com_fuji5_
+++ new_www.r-wellness.com_fuji5_
@@ -19,10 +19,13 @@
 よくある質問

 お問い合わせ

 前回大会

 INFORMATION

 お知らせ

+01.26

+Mon

+ボランティア募集開始

 12.17

 Wed

 年末年始休業のお知らせ

 10.30

 Thu

@@ -31,13 +34,10 @@
 Mon

 FUJI 3LAKES 62km エントリー締切のお知らせ

 10.27

 Mon

 参加賞先着終了のお知らせ

-10.24

-Fri

-エントリー開始のお知らせ

 お知らせ一覧へ

 おすすめシューズ紹介

 ウルトラマラソン完走アイテム紹介

 PULSE ARCHIVE

 関連大会


--- 2026-03-26 07:11:34.228158 ---
Change detected at www.r-wellness.com_fuji5_
Unified diff (context lines = 5):
--- old_www.r-wellness.com_fuji5_
+++ new_www.r-wellness.com_fuji5_
@@ -69,6 +69,6 @@
 伴走・グループトライアル

 お知らせ一覧

 ボランティア

 よくある質問

 前回大会

-© 2026 Runner’s Wellness  Co., Ltd. All Rights Reserved.
+© 2026 Runner’s Wellness Co., Ltd. All Rights Reserved.

--- 2026-03-27 15:54:25.384032 ---
Change detected at www.r-wellness.com_fuji5_
Unified diff (context lines = 5):
--- old_www.r-wellness.com_fuji5_
+++ new_www.r-wellness.com_fuji5_
@@ -1,15 +1,15 @@
 第36回チャレンジ富士五湖ウルトラマラソン | 富士五湖ウルトラマラソン2026年4月19日開催

 ENTRY

 CONTACT

 お知らせ一覧

+参加案内

 大会情報

 大会要項

 コース情報

-給水情報

 大会の特徴

-アクセス・宿泊

+アクセス情報

 スポンサー

 ランナー

 エントリー

 U25応援プラン

 SPARTATHLON出場権利について


--- 2026-03-27 16:57:34.029504 ---
Change detected at www.r-wellness.com_fuji5_
Unified diff (context lines = 5):
--- old_www.r-wellness.com_fuji5_
+++ new_www.r-wellness.com_fuji5_
@@ -19,10 +19,13 @@
 よくある質問

 お問い合わせ

 前回大会

 INFORMATION

 お知らせ

+03.28

+Sat

+参加案内公開のお知らせ

 01.26

 Mon

 ボランティア募集開始

 12.17

 Wed

@@ -31,13 +34,10 @@
 Thu

 全種目エントリー締切のお知らせ

 10.27

 Mon

 FUJI 3LAKES 62km エントリー締切のお知らせ

-10.27

-Mon

-参加賞先着終了のお知らせ

 お知らせ一覧へ

 おすすめシューズ紹介

 ウルトラマラソン完走アイテム紹介

 PULSE ARCHIVE

 関連大会


--- 2026-03-31 02:34:27.857668 ---
Change detected at www.r-wellness.com_fuji5_
Unified diff (context lines = 5):
--- old_www.r-wellness.com_fuji5_
+++ new_www.r-wellness.com_fuji5_
@@ -19,10 +19,13 @@
 よくある質問

 お問い合わせ

 前回大会

 INFORMATION

 お知らせ

+03.31

+Tue

+ボランティア協力団体掲載のお知らせ

 03.28

 Sat

 参加案内公開のお知らせ

 01.26

 Mon

@@ -31,13 +34,10 @@
 Wed

 年末年始休業のお知らせ

 10.30

 Thu

 全種目エントリー締切のお知らせ

-10.27

-Mon

-FUJI 3LAKES 62km エントリー締切のお知らせ

 お知らせ一覧へ

 おすすめシューズ紹介

 ウルトラマラソン完走アイテム紹介

 PULSE ARCHIVE

 関連大会


--- 2026-03-31 05:10:35.065445 ---
Change detected at www.r-wellness.com_fuji5_
Unified diff (context lines = 5):
--- old_www.r-wellness.com_fuji5_
+++ new_www.r-wellness.com_fuji5_
@@ -21,23 +21,23 @@
 前回大会

 INFORMATION

 お知らせ

 03.31

 Tue

+マッサージブースについて

+03.31

+Tue

 ボランティア協力団体掲載のお知らせ

 03.28

 Sat

 参加案内公開のお知らせ

 01.26

 Mon

 ボランティア募集開始

 12.17

 Wed

 年末年始休業のお知らせ

-10.30

-Thu

-全種目エントリー締切のお知らせ

 お知らせ一覧へ

 おすすめシューズ紹介

 ウルトラマラソン完走アイテム紹介

 PULSE ARCHIVE

 関連大会


--- 2026-04-04 02:24:44.696729 ---
Change detected at www.r-wellness.com_fuji5_
Unified diff (context lines = 5):
--- old_www.r-wellness.com_fuji5_
+++ new_www.r-wellness.com_fuji5_
@@ -1,7 +1,7 @@
 第36回チャレンジ富士五湖ウルトラマラソン | 富士五湖ウルトラマラソン2026年4月19日開催

-ENTRY

+参加案内

 CONTACT

 お知らせ一覧

 参加案内

 大会情報

 大会要項


--- 2026-04-08 09:03:33.798922 ---
Change detected at www.r-wellness.com_fuji5_
Unified diff (context lines = 5):
--- old_www.r-wellness.com_fuji5_
+++ new_www.r-wellness.com_fuji5_
@@ -19,10 +19,13 @@
 よくある質問

 お問い合わせ

 前回大会

 INFORMATION

 お知らせ

+04.08

+Wed

+グループトライアル最終名簿掲載のお知らせ

 03.31

 Tue

 マッサージブースについて

 03.31

 Tue

@@ -31,13 +34,10 @@
 Sat

 参加案内公開のお知らせ

 01.26

 Mon

 ボランティア募集開始

-12.17

-Wed

-年末年始休業のお知らせ

 お知らせ一覧へ

 おすすめシューズ紹介

 ウルトラマラソン完走アイテム紹介

 PULSE ARCHIVE

 関連大会


--- 2026-04-08 10:58:24.227343 ---
Change detected at www.r-wellness.com_fuji5_
Unified diff (context lines = 5):
--- old_www.r-wellness.com_fuji5_
+++ new_www.r-wellness.com_fuji5_
@@ -21,11 +21,11 @@
 前回大会

 INFORMATION

 お知らせ

 04.08

 Wed

-グループトライアル最終名簿掲載のお知らせ

+グループトライアル名簿掲載のお知らせ

 03.31

 Tue

 マッサージブースについて

 03.31

 Tue


--- 2026-04-09 09:10:28.237663 ---
Change detected at www.r-wellness.com_fuji5_
Unified diff (context lines = 5):
--- old_www.r-wellness.com_fuji5_
+++ new_www.r-wellness.com_fuji5_
@@ -19,10 +19,13 @@
 よくある質問

 お問い合わせ

 前回大会

 INFORMATION

 お知らせ

+04.09

+Thu

+走るTV動画公開のお知らせ

 04.08

 Wed

 グループトライアル名簿掲載のお知らせ

 03.31

 Tue

@@ -31,13 +34,10 @@
 Tue

 ボランティア協力団体掲載のお知らせ

 03.28

 Sat

 参加案内公開のお知らせ

-01.26

-Mon

-ボランティア募集開始

 お知らせ一覧へ

 おすすめシューズ紹介

 ウルトラマラソン完走アイテム紹介

 PULSE ARCHIVE

 関連大会


--- 2026-04-13 10:47:34.945688 ---
Change detected at www.r-wellness.com_fuji5_
Unified diff (context lines = 5):
--- old_www.r-wellness.com_fuji5_
+++ new_www.r-wellness.com_fuji5_
@@ -19,10 +19,13 @@
 よくある質問

 お問い合わせ

 前回大会

 INFORMATION

 お知らせ

+04.13

+Mon

+ランナー応援追跡サービス  Runportのご案内

 04.09

 Thu

 走るTV動画公開のお知らせ

 04.08

 Wed

@@ -31,13 +34,10 @@
 Tue

 マッサージブースについて

 03.31

 Tue

 ボランティア協力団体掲載のお知らせ

-03.28

-Sat

-参加案内公開のお知らせ

 お知らせ一覧へ

 おすすめシューズ紹介

 ウルトラマラソン完走アイテム紹介

 PULSE ARCHIVE

 関連大会


--- 2026-04-14 07:49:10.634257 ---
Change detected at www.r-wellness.com_fuji5_
Unified diff (context lines = 5):
--- old_www.r-wellness.com_fuji5_
+++ new_www.r-wellness.com_fuji5_
@@ -21,11 +21,11 @@
 前回大会

 INFORMATION

 お知らせ

 04.13

 Mon

-ランナー応援追跡サービス  Runportのご案内

+ランナー応援追跡サービス  Runportライブのご案内

 04.09

 Thu

 走るTV動画公開のお知らせ

 04.08

 Wed


--- 2026-04-15 09:21:38.587170 ---
Change detected at www.r-wellness.com_fuji5_
Unified diff (context lines = 5):
--- old_www.r-wellness.com_fuji5_
+++ new_www.r-wellness.com_fuji5_
@@ -19,19 +19,19 @@
 よくある質問

 お問い合わせ

 前回大会

 INFORMATION

 お知らせ

+04.15

+Wed

+グループトライアル最終名簿掲載のお知らせ

 04.13

 Mon

 ランナー応援追跡サービス  Runportライブのご案内

 04.09

 Thu

 走るTV動画公開のお知らせ

-04.08

-Wed

-グループトライアル名簿掲載のお知らせ

 03.31

 Tue

 マッサージブースについて

 03.31

 Tue

