
--- 2025-10-22 01:40:08.184658 ---
Change detected at https://www.r-wellness.com/tango/
Unified diff (context lines = 5):
--- old_www.r-wellness.com_tango_
+++ new_www.r-wellness.com_tango_
@@ -0,0 +1,78 @@
+山陰海岸ユネスコ世界ジオパーク　第23回丹後100kmウルトラマラソン | 丹後100㎞ウルトラマラソン 2025年9月14日開催

+RESULT

+CONTACT

+確報記録公開のお知らせ(10/2)

+×

+TOP

+お知らせ一覧

+参加案内

+海外ランナー/Overseas Runners

+大会情報

+大会要項

+コース情報

+アクセス

+大会の特徴

+宿泊・ツアー

+スポンサー

+大会前日イベント

+ランナー応援企画

+ランナー

+エントリー

+Kyotango Bayside Exploration

+U25応援プラン

+ふるさと納税エントリー

+TI-TAN

+ボランティア

+お問い合わせ

+よくある質問

+お問い合わせ

+前回大会

+INFORMATION

+お知らせ

+10.02

+Thu

+確報記録公開のお知らせ

+09.14

+Sun

+速報記録公開のお知らせ

+09.14

+Sun

+開催に伴う天候への対応と安全に関するご案内

+09.13

+Sat

+大会直前の最終可否判断について

+09.12

+Fri

+大会直前の第１回可否判断について

+お知らせ一覧へ

+おすすめシューズ紹介

+ウルトラマラソン完走アイテム紹介

+Kyotango Bayside Exploration

+大会前日イベント

+ランナー応援企画

+Garmin特設ページ

+公式写真販売

+走るTV

+丹後100kmウルトラマラソン

+大会事務局

+TEL 0120-846-024

+（受付時間：10時～17時30分　土日祝休業）

+お問い合わせ

+エントリーはこちら

+大会情報

+大会要項

+コース情報

+アクセス

+宿泊・ツアー

+大会の特徴

+スポンサー

+ランナー

+エントリー

+U25応援プラン

+TI-TAN

+お知らせ一覧

+ボランティア

+よくある質問

+前回大会

+© 2025 Runner’s Wellness  Co., Ltd. All Rights Reserved.

+このサイトの運営・管理は株式会社ランナーズ・ウェルネスがおこなっています。当サイト内の画像・テキストなどの無断転載、使用を禁じます

--- 2025-11-25 12:45:38.611632 ---
Change detected at www.r-wellness.com_tango_
Unified diff (context lines = 5):
--- old_www.r-wellness.com_tango_
+++ new_www.r-wellness.com_tango_
@@ -27,10 +27,13 @@
 よくある質問

 お問い合わせ

 前回大会

 INFORMATION

 お知らせ

+11.11

+Tue

+【台湾インフルエンサー】大会レポートの公開

 10.02

 Thu

 確報記録公開のお知らせ

 09.14

 Sun

@@ -39,13 +42,10 @@
 Sun

 開催に伴う天候への対応と安全に関するご案内

 09.13

 Sat

 大会直前の最終可否判断について

-09.12

-Fri

-大会直前の第１回可否判断について

 お知らせ一覧へ

 おすすめシューズ紹介

 ウルトラマラソン完走アイテム紹介

 Kyotango Bayside Exploration

 大会前日イベント

